{"name":"testJavascriptExecuteClick","status":"failed","statusDetails":{"known":false,"muted":false,"flaky":false,"message":"FAILED: 测试程序 调用 javascriptExecuteClick 执行失败!","trace":"java.lang.AssertionError: FAILED: 测试程序 调用 javascriptExecuteClick 执行失败!\r\n\tat org.junit.Assert.fail(Assert.java:89)\r\n\tat com.example.selenwebdriver.WebDriverSeniorPractice.javascriptExecuteClick(WebDriverSeniorPractice.java:95)\r\n\tat com.example.selenwebdriver.WebDriverSeniorPractice.testJavascriptExecuteClick(WebDriverSeniorPractice.java:75)\r\n\tat sun.reflect.NativeMethodAccessorImpl.invoke0(Native Method)\r\n\tat sun.reflect.NativeMethodAccessorImpl.invoke(NativeMethodAccessorImpl.java:62)\r\n\tat sun.reflect.DelegatingMethodAccessorImpl.invoke(DelegatingMethodAccessorImpl.java:43)\r\n\tat java.lang.reflect.Method.invoke(Method.java:498)\r\n\tat org.testng.internal.MethodInvocationHelper.invokeMethod(MethodInvocationHelper.java:134)\r\n\tat org.testng.internal.TestInvoker.invokeMethod(TestInvoker.java:597)\r\n\tat org.testng.internal.TestInvoker.invokeTestMethod(TestInvoker.java:173)\r\n\tat org.testng.internal.MethodRunner.runInSequence(MethodRunner.java:46)\r\n\tat org.testng.internal.TestInvoker$MethodInvocationAgent.invoke(TestInvoker.java:816)\r\n\tat org.testng.internal.TestInvoker.invokeTestMethods(TestInvoker.java:146)\r\n\tat org.testng.internal.TestMethodWorker.invokeTestMethods(TestMethodWorker.java:146)\r\n\tat org.testng.internal.TestMethodWorker.run(TestMethodWorker.java:128)\r\n\tat java.util.ArrayList.forEach(ArrayList.java:1259)\r\n\tat org.testng.TestRunner.privateRun(TestRunner.java:766)\r\n\tat org.testng.TestRunner.run(TestRunner.java:587)\r\n\tat org.testng.SuiteRunner.runTest(SuiteRunner.java:384)\r\n\tat org.testng.SuiteRunner.access$000(SuiteRunner.java:28)\r\n\tat org.testng.SuiteRunner$SuiteWorker.run(SuiteRunner.java:425)\r\n\tat org.testng.internal.thread.ThreadUtil.lambda$execute$0(ThreadUtil.java:68)\r\n\tat java.util.concurrent.FutureTask.run(FutureTask.java:266)\r\n\tat java.util.concurrent.ThreadPoolExecutor.runWorker(ThreadPoolExecutor.java:1149)\r\n\tat java.util.concurrent.ThreadPoolExecutor$Worker.run(ThreadPoolExecutor.java:624)\r\n\tat java.lang.Thread.run(Thread.java:748)\r\n"},"stage":"finished","steps":[],"attachments":[],"parameters":[{"name":"baseUrl2","value":"http://www.baidu.com"},{"name":"whichDriver","value":"webdriver.chrome.driver"},{"name":"baseUrl3","value":"https://www.ctrip.com/"},{"name":"baseUrl4","value":"https://cron.qqe2.com/"},{"name":"processName","value":"iexplore.exe"},{"name":"browser","value":"chrome"},{"name":"baseUrl1","value":"http://www.sogou.com"},{"name":"demoUrl1","value":"https://jqueryui.com/draggable/"},{"name":"whereDriver","value":"D:\\honor_selenium\\WebDriver_put_here\\chromedriver.exe"}],"start":1619341457637,"stop":1619341458963,"uuid":"aa3310a2-109b-4932-acd0-dada4dc80351","historyId":"6d7042acee8b829a484117df014153ad","fullName":"com.example.selenwebdriver.WebDriverSeniorPractice.testJavascriptExecuteClick","labels":[{"name":"package","value":"com.example.selenwebdriver.WebDriverSeniorPractice"},{"name":"testClass","value":"com.example.selenwebdriver.WebDriverSeniorPractice"},{"name":"testMethod","value":"testJavascriptExecuteClick"},{"name":"parentSuite","value":"Default Suite"},{"name":"suite","value":"ChromeTest"},{"name":"subSuite","value":"com.example.selenwebdriver.WebDriverSeniorPractice"},{"name":"host","value":"DESKTOP-FHEEG3S"},{"name":"thread","value":"18532@DESKTOP-FHEEG3S.TestNG-tests-1(14)"},{"name":"framework","value":"testng"},{"name":"language","value":"java"}],"links":[]}